<?xml version="1.0" encoding="UTF-8"?>
<!-- Generated by org.testng.reporters.JUnitReportReporter -->
<testsuite hostname="Admin" failures="0" tests="3" name="qoscanner_auto.ForgotPass" time="19.323" errors="0" timestamp="2022-03-01T15:12:21 ICT" skipped="0">
  <testcase classname="qoscanner_auto.ForgotPass" name="TC_03_Forgot_Empty_Email" time="4.344"/>
  <system-out/>
  <testcase classname="qoscanner_auto.ForgotPass" name="TC_02_Forgot_Invalid_Email" time="4.467"/>
  <system-out/>
  <testcase classname="qoscanner_auto.ForgotPass" name="TC_01_Forgot_Valid_Email" time="10.512"/>
  <system-out/>
</testsuite> <!-- qoscanner_auto.ForgotPass -->
