<?xml version="1.0" encoding="UTF-8"?>
<!-- Generated by org.testng.reporters.JUnitReportReporter -->
<testsuite hostname="Admin" failures="0" tests="7" name="qoscanner_project.qoscanner.Login" time="54.717" errors="0" timestamp="2022-03-01T14:59:30 ICT" skipped="0">
  <testcase classname="qoscanner_project.qoscanner.Login" name="TC_07_Login_Password_Less_Than_8_Chars" time="6.288"/>
  <system-out/>
  <testcase classname="qoscanner_project.qoscanner.Login" name="TC_06_Login_Incorrect_Pass" time="8.149"/>
  <system-out/>
  <testcase classname="qoscanner_project.qoscanner.Login" name="TC_02_Login_Empty_Data" time="6.497"/>
  <system-out/>
  <testcase classname="qoscanner_project.qoscanner.Login" name="TC_04_Login_Empty_Pass" time="8.079"/>
  <system-out/>
  <testcase classname="qoscanner_project.qoscanner.Login" name="TC_05_Login_Incorrect_Email" time="8.083"/>
  <system-out/>
  <testcase classname="qoscanner_project.qoscanner.Login" name="TC_01_Login_Valid_Email_Pass" time="9.283"/>
  <system-out/>
  <testcase classname="qoscanner_project.qoscanner.Login" name="TC_03_Login_Empty_Email" time="8.338"/>
  <system-out/>
</testsuite> <!-- qoscanner_project.qoscanner.Login -->
